2018-06-15 15:41:39,141 INFO o.a.j.u.JMeterUtils: Setting Locale to en_US
2018-06-15 15:41:39,152 INFO o.a.j.JMeter: Loading user properties from: /Users/shankumahanty/Desktop/JMETER_AUTO/apache-jmeter-3.2/bin/user.properties
2018-06-15 15:41:39,153 INFO o.a.j.JMeter: Loading system properties from: /Users/shankumahanty/Desktop/JMETER_AUTO/apache-jmeter-3.2/bin/system.properties
2018-06-15 15:41:39,153 WARN o.a.j.JMeter: Removing JMeter property: server
2018-06-15 15:41:39,157 INFO o.a.j.JMeter: Copyright (c) 1998-2017 The Apache Software Foundation
2018-06-15 15:41:39,157 INFO o.a.j.JMeter: Version 3.2 r1790748
2018-06-15 15:41:39,157 INFO o.a.j.JMeter: java.version=1.8.0_131
2018-06-15 15:41:39,157 INFO o.a.j.JMeter: java.vm.name=Java HotSpot(TM) 64-Bit Server VM
2018-06-15 15:41:39,157 INFO o.a.j.JMeter: os.name=Mac OS X
2018-06-15 15:41:39,157 INFO o.a.j.JMeter: os.arch=x86_64
2018-06-15 15:41:39,157 INFO o.a.j.JMeter: os.version=10.11.6
2018-06-15 15:41:39,157 INFO o.a.j.JMeter: file.encoding=UTF-8
2018-06-15 15:41:39,157 INFO o.a.j.JMeter: Max memory     =536870912
2018-06-15 15:41:39,157 INFO o.a.j.JMeter: Available Processors =8
2018-06-15 15:41:39,161 INFO o.a.j.JMeter: Default Locale=English (United States)
2018-06-15 15:41:39,161 INFO o.a.j.JMeter: JMeter  Locale=English (United States)
2018-06-15 15:41:39,161 INFO o.a.j.JMeter: JMeterHome=/Users/shankumahanty/Desktop/JMETER_AUTO/apache-jmeter-3.2
2018-06-15 15:41:39,161 INFO o.a.j.JMeter: user.dir  =/Users/shankumahanty/Desktop/shan_automation
2018-06-15 15:41:39,161 INFO o.a.j.JMeter: PWD       =/Users/shankumahanty/Desktop/shan_automation
2018-06-15 15:41:39,167 INFO o.a.j.JMeter: IP: 192.168.111.65 Name: Shankus-MacBook-Pro.local FullName: 192.168.111.65
2018-06-15 15:41:39,170 INFO o.a.j.s.FileServer: Default base='/Users/shankumahanty/Desktop/shan_automation'
2018-06-15 15:41:39,170 INFO o.a.j.s.FileServer: Set new base='/Users/shankumahanty/Desktop/shan_automation/./JMETER_AUTO/Jmeter_tests'
2018-06-15 15:41:39,256 INFO o.a.j.s.SaveService: Testplan (JMX) version: 2.2. Testlog (JTL) version: 2.2
2018-06-15 15:41:39,267 INFO o.a.j.s.SaveService: Using SaveService properties file encoding UTF-8
2018-06-15 15:41:39,271 INFO o.a.j.s.SaveService: Using SaveService properties version 3.2
2018-06-15 15:41:39,277 INFO o.a.j.s.SaveService: Loading file: ./JMETER_AUTO/Jmeter_tests/LearningDataAddUser.jmx
2018-06-15 15:41:39,309 INFO o.a.j.p.h.c.CacheManager: Will only cache the following methods: [GET]
2018-06-15 15:41:39,315 INFO o.a.j.p.h.c.CookieManager: Settings: Delete null: true Check: true Allow variable: true Save: false Prefix: COOKIE_
2018-06-15 15:41:39,331 INFO o.a.j.p.h.s.HTTPSamplerBase: Parser for text/html is org.apache.jmeter.protocol.http.parser.LagartoBasedHtmlParser
2018-06-15 15:41:39,331 INFO o.a.j.p.h.s.HTTPSamplerBase: Parser for application/xhtml+xml is org.apache.jmeter.protocol.http.parser.LagartoBasedHtmlParser
2018-06-15 15:41:39,331 INFO o.a.j.p.h.s.HTTPSamplerBase: Parser for application/xml is org.apache.jmeter.protocol.http.parser.LagartoBasedHtmlParser
2018-06-15 15:41:39,331 INFO o.a.j.p.h.s.HTTPSamplerBase: Parser for text/xml is org.apache.jmeter.protocol.http.parser.LagartoBasedHtmlParser
2018-06-15 15:41:39,331 INFO o.a.j.p.h.s.HTTPSamplerBase: Parser for text/vnd.wap.wml is org.apache.jmeter.protocol.http.parser.RegexpHTMLParser
2018-06-15 15:41:39,331 INFO o.a.j.p.h.s.HTTPSamplerBase: Parser for text/css is org.apache.jmeter.protocol.http.parser.CssParser
2018-06-15 15:41:39,428 INFO o.a.j.JMeter: Creating summariser <summary>
2018-06-15 15:41:39,433 INFO o.a.j.e.StandardJMeterEngine: Running the test!
2018-06-15 15:41:39,433 INFO o.a.j.s.SampleEvent: List of sample_variables: []
2018-06-15 15:41:39,433 INFO o.a.j.s.SampleEvent: List of sample_variables: []
2018-06-15 15:41:39,437 INFO o.a.j.e.u.CompoundVariable: Note: Function class names must contain the string: '.functions.'
2018-06-15 15:41:39,437 INFO o.a.j.e.u.CompoundVariable: Note: Function class names must not contain the string: '.gui.'
2018-06-15 15:41:39,916 INFO o.a.j.JMeter: Running test (1529041299916)
2018-06-15 15:41:39,961 INFO o.a.j.e.StandardJMeterEngine: Starting ThreadGroup: 1 : Thread Group
2018-06-15 15:41:39,961 INFO o.a.j.e.StandardJMeterEngine: Starting 1 threads for group Thread Group.
2018-06-15 15:41:39,961 INFO o.a.j.e.StandardJMeterEngine: Thread will continue on error
2018-06-15 15:41:39,962 INFO o.a.j.t.ThreadGroup: Starting thread group... number=1 threads=1 ramp-up=1 perThread=1000.0 delayedStart=false
2018-06-15 15:41:39,979 INFO o.a.j.t.ThreadGroup: Started thread group number 1
2018-06-15 15:41:39,979 INFO o.a.j.e.StandardJMeterEngine: All thread groups have been started
2018-06-15 15:41:39,981 INFO o.a.j.t.JMeterThread: Thread started: Thread Group 1-1
2018-06-15 15:41:40,001 INFO o.a.j.p.h.s.HTTPHCAbstractImpl: Local host = Shankus-MacBook-Pro.local
2018-06-15 15:41:40,007 INFO o.a.j.p.h.s.HTTPHC4Impl: HTTP request retry count = 0
2018-06-15 15:41:40,014 INFO o.a.j.s.SampleResult: Note: Sample TimeStamps are START times
2018-06-15 15:41:40,014 INFO o.a.j.s.SampleResult: sampleresult.default.encoding is set to ISO-8859-1
2018-06-15 15:41:40,014 INFO o.a.j.s.SampleResult: sampleresult.useNanoTime=true
2018-06-15 15:41:40,014 INFO o.a.j.s.SampleResult: sampleresult.nanoThreadSleep=5000
2018-06-15 15:41:40,089 INFO o.a.j.p.h.s.LazySchemeSocketFactory: Setting up HTTPS TrustAll Socket Factory
2018-06-15 15:41:40,098 INFO o.a.j.u.JsseSSLManager: Using default SSL protocol: TLS
2018-06-15 15:41:40,098 INFO o.a.j.u.JsseSSLManager: SSL session context: per-thread
2018-06-15 15:41:40,246 INFO o.a.j.u.SSLManager: JmeterKeyStore Location:  type JKS
2018-06-15 15:41:40,247 INFO o.a.j.u.SSLManager: KeyStore created OK
2018-06-15 15:41:40,248 WARN o.a.j.u.SSLManager: Keystore file not found, loading empty keystore
2018-06-15 15:41:40,303 ERROR o.a.j.u.BeanShellInterpreter: Error invoking bsh method: eval	Sourced file: inline evaluation of: ``import org.apache.jmeter.services.FileServer;  String path=FileServer.getFileSer . . . '' : Object constructor
2018-06-15 15:41:40,303 WARN o.a.j.e.BeanShellPostProcessor: Problem in BeanShell script: org.apache.jorphan.util.JMeterException: Error invoking bsh method: eval	Sourced file: inline evaluation of: ``import org.apache.jmeter.services.FileServer;  String path=FileServer.getFileSer . . . '' : Object constructor
2018-06-15 15:41:40,305 INFO o.a.j.t.JMeterThread: Thread is done: Thread Group 1-1
2018-06-15 15:41:40,305 INFO o.a.j.t.JMeterThread: Thread finished: Thread Group 1-1
2018-06-15 15:41:40,305 INFO o.a.j.e.StandardJMeterEngine: Notifying test listeners of end of test
2018-06-15 15:41:40,306 INFO o.a.j.r.Summariser: summary =     12 in 00:00:00 =   30.8/s Avg:    19 Min:     0 Max:   223 Err:    12 (100.00%)
