Running from: /Users/shankumahanty/Desktop/shan_automation/jenkins.war
webroot: $user.home/.jenkins
Aug 09, 2016 2:09:44 PM org.eclipse.jetty.util.log.JavaUtilLog info
INFO: Logging initialized @272ms
Aug 09, 2016 2:09:44 PM winstone.Logger logInternal
INFO: Beginning extraction from war file
Aug 09, 2016 2:09:45 PM org.eclipse.jetty.util.log.JavaUtilLog warn
WARNING: Empty contextPath
Aug 09, 2016 2:09:45 PM org.eclipse.jetty.util.log.JavaUtilLog info
INFO: jetty-9.2.z-SNAPSHOT
Aug 09, 2016 2:09:45 PM org.eclipse.jetty.util.log.JavaUtilLog info
INFO: NO JSP Support for /, did not find org.eclipse.jetty.jsp.JettyJspServlet
Jenkins home directory: /Users/shankumahanty/.jenkins found at: $user.home/.jenkins
Aug 09, 2016 2:09:46 PM org.eclipse.jetty.util.log.JavaUtilLog info
INFO: Started w.@273e7444{/,file:/Users/shankumahanty/.jenkins/war/,AVAILABLE}{/Users/shankumahanty/.jenkins/war}
Aug 09, 2016 2:09:46 PM org.eclipse.jetty.util.log.JavaUtilLog warn
WARNING: FAILED ServerConnector@576d5deb{HTTP/1.1}{0.0.0.0:8080}: java.net.BindException: Address already in use
java.net.BindException: Address already in use
	at sun.nio.ch.Net.bind0(Native Method)
	at sun.nio.ch.Net.bind(Net.java:433)
	at sun.nio.ch.Net.bind(Net.java:425)
	at sun.nio.ch.ServerSocketChannelImpl.bind(ServerSocketChannelImpl.java:223)
	at sun.nio.ch.ServerSocketAdaptor.bind(ServerSocketAdaptor.java:74)
	at org.eclipse.jetty.server.ServerConnector.open(ServerConnector.java:321)
	at org.eclipse.jetty.server.AbstractNetworkConnector.doStart(AbstractNetworkConnector.java:80)
	at org.eclipse.jetty.server.ServerConnector.doStart(ServerConnector.java:236)
	at org.eclipse.jetty.util.component.AbstractLifeCycle.start(AbstractLifeCycle.java:68)
	at org.eclipse.jetty.server.Server.doStart(Server.java:366)
	at org.eclipse.jetty.util.component.AbstractLifeCycle.start(AbstractLifeCycle.java:68)
	at winstone.Launcher.<init>(Launcher.java:152)
	at winstone.Launcher.main(Launcher.java:352)
	at sun.reflect.NativeMethodAccessorImpl.invoke0(Native Method)
	at sun.reflect.NativeMethodAccessorImpl.invoke(NativeMethodAccessorImpl.java:62)
	at sun.reflect.DelegatingMethodAccessorImpl.invoke(DelegatingMethodAccessorImpl.java:43)
	at java.lang.reflect.Method.invoke(Method.java:498)
	at Main._main(Main.java:246)
	at Main.main(Main.java:91)

Aug 09, 2016 2:09:46 PM org.eclipse.jetty.util.log.JavaUtilLog warn
WARNING: FAILED org.eclipse.jetty.server.Server@2e3967ea: java.net.BindException: Address already in use
java.net.BindException: Address already in use
	at sun.nio.ch.Net.bind0(Native Method)
	at sun.nio.ch.Net.bind(Net.java:433)
	at sun.nio.ch.Net.bind(Net.java:425)
	at sun.nio.ch.ServerSocketChannelImpl.bind(ServerSocketChannelImpl.java:223)
	at sun.nio.ch.ServerSocketAdaptor.bind(ServerSocketAdaptor.java:74)
	at org.eclipse.jetty.server.ServerConnector.open(ServerConnector.java:321)
	at org.eclipse.jetty.server.AbstractNetworkConnector.doStart(AbstractNetworkConnector.java:80)
	at org.eclipse.jetty.server.ServerConnector.doStart(ServerConnector.java:236)
	at org.eclipse.jetty.util.component.AbstractLifeCycle.start(AbstractLifeCycle.java:68)
	at org.eclipse.jetty.server.Server.doStart(Server.java:366)
	at org.eclipse.jetty.util.component.AbstractLifeCycle.start(AbstractLifeCycle.java:68)
	at winstone.Launcher.<init>(Launcher.java:152)
	at winstone.Launcher.main(Launcher.java:352)
	at sun.reflect.NativeMethodAccessorImpl.invoke0(Native Method)
	at sun.reflect.NativeMethodAccessorImpl.invoke(NativeMethodAccessorImpl.java:62)
	at sun.reflect.DelegatingMethodAccessorImpl.invoke(DelegatingMethodAccessorImpl.java:43)
	at java.lang.reflect.Method.invoke(Method.java:498)
	at Main._main(Main.java:246)
	at Main.main(Main.java:91)

Aug 09, 2016 2:09:46 PM org.eclipse.jetty.util.log.JavaUtilLog info
INFO: Stopped ServerConnector@576d5deb{HTTP/1.1}{0.0.0.0:8080}
Aug 09, 2016 2:09:46 PM hudson.WebAppMain$4 run
INFO: Shutting down a Jenkins instance that was still starting up
java.lang.Throwable: reason
	at hudson.WebAppMain$4.run(WebAppMain.java:383)
	at hudson.security.ACL.impersonate(ACL.java:198)
	at hudson.WebAppMain.contextDestroyed(WebAppMain.java:374)
	at org.eclipse.jetty.server.handler.ContextHandler.callContextDestroyed(ContextHandler.java:808)
	at org.eclipse.jetty.servlet.ServletContextHandler.callContextDestroyed(ServletContextHandler.java:457)
	at org.eclipse.jetty.server.handler.ContextHandler.doStop(ContextHandler.java:842)
	at org.eclipse.jetty.servlet.ServletContextHandler.doStop(ServletContextHandler.java:215)
	at org.eclipse.jetty.webapp.WebAppContext.doStop(WebAppContext.java:529)
	at org.eclipse.jetty.util.component.AbstractLifeCycle.stop(AbstractLifeCycle.java:89)
	at org.eclipse.jetty.util.component.ContainerLifeCycle.stop(ContainerLifeCycle.java:143)
	at org.eclipse.jetty.util.component.ContainerLifeCycle.doStop(ContainerLifeCycle.java:162)
	at org.eclipse.jetty.server.handler.AbstractHandler.doStop(AbstractHandler.java:73)
	at org.eclipse.jetty.server.Server.doStop(Server.java:456)
	at org.eclipse.jetty.util.component.AbstractLifeCycle.stop(AbstractLifeCycle.java:89)
	at winstone.Launcher.shutdown(Launcher.java:305)
	at winstone.Launcher.<init>(Launcher.java:165)
	at winstone.Launcher.main(Launcher.java:352)
	at sun.reflect.NativeMethodAccessorImpl.invoke0(Native Method)
	at sun.reflect.NativeMethodAccessorImpl.invoke(NativeMethodAccessorImpl.java:62)
	at sun.reflect.DelegatingMethodAccessorImpl.invoke(DelegatingMethodAccessorImpl.java:43)
	at java.lang.reflect.Method.invoke(Method.java:498)
	at Main._main(Main.java:246)
	at Main.main(Main.java:91)

Aug 09, 2016 2:09:46 PM org.eclipse.jetty.util.log.JavaUtilLog info
INFO: Stopped w.@273e7444{/,file:/Users/shankumahanty/.jenkins/war/,UNAVAILABLE}{/Users/shankumahanty/.jenkins/war}
Aug 09, 2016 2:09:46 PM winstone.Logger logInternal
INFO: Winstone shutdown successfully
Aug 09, 2016 2:09:46 PM winstone.Logger logInternal
SEVERE: Container startup failed
java.io.IOException: Failed to start Jetty
	at winstone.Launcher.<init>(Launcher.java:154)
	at winstone.Launcher.main(Launcher.java:352)
	at sun.reflect.NativeMethodAccessorImpl.invoke0(Native Method)
	at sun.reflect.NativeMethodAccessorImpl.invoke(NativeMethodAccessorImpl.java:62)
	at sun.reflect.DelegatingMethodAccessorImpl.invoke(DelegatingMethodAccessorImpl.java:43)
	at java.lang.reflect.Method.invoke(Method.java:498)
	at Main._main(Main.java:246)
	at Main.main(Main.java:91)
Caused by: java.net.BindException: Address already in use
	at sun.nio.ch.Net.bind0(Native Method)
	at sun.nio.ch.Net.bind(Net.java:433)
	at sun.nio.ch.Net.bind(Net.java:425)
	at sun.nio.ch.ServerSocketChannelImpl.bind(ServerSocketChannelImpl.java:223)
	at sun.nio.ch.ServerSocketAdaptor.bind(ServerSocketAdaptor.java:74)
	at org.eclipse.jetty.server.ServerConnector.open(ServerConnector.java:321)
	at org.eclipse.jetty.server.AbstractNetworkConnector.doStart(AbstractNetworkConnector.java:80)
	at org.eclipse.jetty.server.ServerConnector.doStart(ServerConnector.java:236)
	at org.eclipse.jetty.util.component.AbstractLifeCycle.start(AbstractLifeCycle.java:68)
	at org.eclipse.jetty.server.Server.doStart(Server.java:366)
	at org.eclipse.jetty.util.component.AbstractLifeCycle.start(AbstractLifeCycle.java:68)
	at winstone.Launcher.<init>(Launcher.java:152)
	... 7 more

Aug 09, 2016 2:09:46 PM hudson.util.BootFailure publish
SEVERE: Failed to initialize Jenkins
hudson.util.HudsonFailedToLoad: java.lang.InterruptedException
	at hudson.WebAppMain$3.run(WebAppMain.java:244)
Caused by: java.lang.InterruptedException
	at java.lang.Object.wait(Native Method)
	at java.lang.Object.wait(Object.java:502)
	at org.jvnet.hudson.reactor.Reactor.execute(Reactor.java:267)
	at jenkins.InitReactorRunner.run(InitReactorRunner.java:45)
	at jenkins.model.Jenkins.executeReactor(Jenkins.java:1010)
	at jenkins.model.Jenkins.<init>(Jenkins.java:878)
	at hudson.model.Hudson.<init>(Hudson.java:85)
	at hudson.model.Hudson.<init>(Hudson.java:81)
	at hudson.WebAppMain$3.run(WebAppMain.java:227)

Aug 09, 2016 2:09:46 PM jenkins.model.Jenkins cleanUp
INFO: Stopping Jenkins
Aug 09, 2016 2:09:46 PM jenkins.model.Jenkins$21 onAttained
INFO: Started termination
Aug 09, 2016 2:09:46 PM jenkins.model.Jenkins$21 onTaskFailed
SEVERE: Failed NioChannelSelector.cleanUp
java.lang.IllegalArgumentException: Unable to inject class jenkins.slaves.NioChannelSelector
	at hudson.init.TaskMethodFinder.lookUp(TaskMethodFinder.java:125)
	at hudson.init.TaskMethodFinder.invoke(TaskMethodFinder.java:104)
	at hudson.init.TaskMethodFinder$TaskImpl.run(TaskMethodFinder.java:175)
	at org.jvnet.hudson.reactor.Reactor.runTask(Reactor.java:282)
	at org.jvnet.hudson.reactor.Reactor$2.run(Reactor.java:210)
	at org.jvnet.hudson.reactor.Reactor$Node.run(Reactor.java:117)
	at jenkins.model.Jenkins$20.execute(Jenkins.java:3020)
	at org.jvnet.hudson.reactor.Reactor$Node.runIfPossible(Reactor.java:139)
	at org.jvnet.hudson.reactor.Reactor$Node.run(Reactor.java:128)
	at jenkins.model.Jenkins$20.execute(Jenkins.java:3020)
	at org.jvnet.hudson.reactor.Reactor$Node.runIfPossible(Reactor.java:139)
	at org.jvnet.hudson.reactor.Reactor.execute(Reactor.java:263)
	at jenkins.model.Jenkins._cleanUpRunTerminators(Jenkins.java:3017)
	at jenkins.model.Jenkins.cleanUp(Jenkins.java:2939)
	at hudson.WebAppMain$3.run(WebAppMain.java:248)

Aug 09, 2016 2:09:46 PM jenkins.model.Jenkins$21 onAttained
INFO: Completed termination
Aug 09, 2016 2:09:46 PM jenkins.model.Jenkins _cleanUpDisconnectComputers
INFO: Starting node disconnection
Aug 09, 2016 2:09:46 PM jenkins.model.Jenkins _cleanUpShutdownPluginManager
INFO: Stopping plugin manager
Aug 09, 2016 2:09:46 PM jenkins.model.Jenkins _cleanUpPersistQueue
INFO: Persisting build queue
Aug 09, 2016 2:09:46 PM jenkins.model.Jenkins cleanUp
INFO: Jenkins stopped
